Archive Project report for comp_arm
Sun Dec  4 11:32:37 2022
Quartus Prime Version 21.1.1 Build 850 06/23/2022 SJ Lite Edition


---------------------
; Table of Contents ;
---------------------
  1. Legal Notice
  2. Archive Project Summary
  3. Archive Project Messages
  4. Files Archived



----------------
; Legal Notice ;
----------------
Copyright (C) 2022  Intel Corporation. All rights reserved.
Your use of Intel Corporation's design tools, logic functions 
and other software and tools, and any partner logic 
functions, and any output files from any of the foregoing 
(including device programming or simulation files), and any 
associated documentation or information are expressly subject 
to the terms and conditions of the Intel Program License 
Subscription Agreement, the Intel Quartus Prime License Agreement,
the Intel FPGA IP License Agreement, or other applicable license
agreement, including, without limitation, that your use is for
the sole purpose of programming logic devices manufactured by
Intel and sold by Intel or its authorized distributors.  Please
refer to the applicable agreement for further details, at
https://fpgasoftware.intel.com/eula.



+----------------------------------------------------------------+
; Archive Project Summary                                        ;
+------------------------+---------------------------------------+
; Archive Project Status ; Successful - Sun Dec  4 11:32:37 2022 ;
; Revision Name          ; comp_arm                              ;
; Top-level Entity Name  ; comp_arm                              ;
; Family                 ; Cyclone V                             ;
+------------------------+---------------------------------------+


+--------------------------+
; Archive Project Messages ;
+--------------------------+
Info: File Set 'Custom' contains:
    Info: Programming output files
    Info: Automatically detected source files
    Info: Project source and settings files
Warning: Hierarchical Platform Designer systems and custom IP components(_hw.tcl and associated files) are not archived by the Quartus Archiver
Info: Archive will store files relative to the closest common parent directory
Info (13213): Using common directory /home/maestro/Documents/KPI/mag1/SOC/lab4/Info_for_Labs/
Info: ----------------------------------------------------------
Info: ----------------------------------------------------------
Info: Generated archive '/home/maestro/Documents/KPI/mag1/SOC/lab4/Info_for_Labs/comp_arm.qar'
Info: ----------------------------------------------------------
Info: ----------------------------------------------------------
Info: Generated report 'comp_arm.archive.rpt'
Info (23030): Evaluation of Tcl script /opt/intelFPGA/21.1/quartus/common/tcl/apps/qpm/qar.tcl was successful
Info: Quartus Prime Shell was successful. 0 errors, 2 warnings
    Info: Peak virtual memory: 717 megabytes
    Info: Processing ended: Sun Dec  4 11:32:37 2022
    Info: Elapsed time: 00:00:06
    Info: Total CPU time (on all processors): 00:00:06


+-------------------------------------------------------------------------------------------------------------+
; Files Archived                                                                                              ;
+-------------------------------------------------------------------------------------------------------------+
; File Name                                                                                                   ;
+-------------------------------------------------------------------------------------------------------------+
; comp_arm.qpf                                                                                                ;
; comp_arm.qsf                                                                                                ;
; comp_arm.v                                                                                                  ;
; comp_arm_assignment_defaults.qdf                                                                            ;
; Computer_System/synthesis/../../Computer_System.qsys                                                        ;
; Computer_System/synthesis/../../Computer_System.sopcinfo                                                    ;
; Computer_System/synthesis/../Computer_System.cmp                                                            ;
; Computer_System/synthesis/Computer_System.debuginfo                                                         ;
; Computer_System/synthesis/Computer_System.qip                                                               ;
; Computer_System/synthesis/Computer_System.regmap                                                            ;
; Computer_System/synthesis/Computer_System.v                                                                 ;
; Computer_System/synthesis/Computer_System_hps_0_hps.svd                                                     ;
; Computer_System/synthesis/submodules/altdq_dqs2_acv_connect_to_hard_phy_cyclonev.sv                         ;
; Computer_System/synthesis/submodules/altera_avalon_packets_to_master.v                                      ;
; Computer_System/synthesis/submodules/altera_avalon_sc_fifo.v                                                ;
; Computer_System/synthesis/submodules/altera_avalon_st_bytes_to_packets.v                                    ;
; Computer_System/synthesis/submodules/altera_avalon_st_clock_crosser.v                                       ;
; Computer_System/synthesis/submodules/altera_avalon_st_idle_inserter.v                                       ;
; Computer_System/synthesis/submodules/altera_avalon_st_idle_remover.v                                        ;
; Computer_System/synthesis/submodules/altera_avalon_st_jtag_interface.sdc                                    ;
; Computer_System/synthesis/submodules/altera_avalon_st_jtag_interface.v                                      ;
; Computer_System/synthesis/submodules/altera_avalon_st_packets_to_bytes.v                                    ;
; Computer_System/synthesis/submodules/altera_avalon_st_pipeline_base.v                                       ;
; Computer_System/synthesis/submodules/altera_avalon_st_pipeline_stage.sv                                     ;
; Computer_System/synthesis/submodules/altera_default_burst_converter.sv                                      ;
; Computer_System/synthesis/submodules/altera_incr_burst_converter.sv                                         ;
; Computer_System/synthesis/submodules/altera_jtag_dc_streaming.v                                             ;
; Computer_System/synthesis/submodules/altera_jtag_sld_node.v                                                 ;
; Computer_System/synthesis/submodules/altera_jtag_streaming.v                                                ;
; Computer_System/synthesis/submodules/altera_mem_if_dll_cyclonev.sv                                          ;
; Computer_System/synthesis/submodules/altera_mem_if_hard_memory_controller_top_cyclonev.sv                   ;
; Computer_System/synthesis/submodules/altera_mem_if_hhp_qseq_synth_top.v                                     ;
; Computer_System/synthesis/submodules/altera_mem_if_oct_cyclonev.sv                                          ;
; Computer_System/synthesis/submodules/altera_merlin_address_alignment.sv                                     ;
; Computer_System/synthesis/submodules/altera_merlin_arbitrator.sv                                            ;
; Computer_System/synthesis/submodules/altera_merlin_axi_master_ni.sv                                         ;
; Computer_System/synthesis/submodules/altera_merlin_axi_slave_ni.sv                                          ;
; Computer_System/synthesis/submodules/altera_merlin_burst_adapter.sv                                         ;
; Computer_System/synthesis/submodules/altera_merlin_burst_adapter_13_1.sv                                    ;
; Computer_System/synthesis/submodules/altera_merlin_burst_adapter_new.sv                                     ;
; Computer_System/synthesis/submodules/altera_merlin_burst_adapter_uncmpr.sv                                  ;
; Computer_System/synthesis/submodules/altera_merlin_burst_uncompressor.sv                                    ;
; Computer_System/synthesis/submodules/altera_merlin_master_agent.sv                                          ;
; Computer_System/synthesis/submodules/altera_merlin_master_translator.sv                                     ;
; Computer_System/synthesis/submodules/altera_merlin_reorder_memory.sv                                        ;
; Computer_System/synthesis/submodules/altera_merlin_slave_agent.sv                                           ;
; Computer_System/synthesis/submodules/altera_merlin_slave_translator.sv                                      ;
; Computer_System/synthesis/submodules/altera_merlin_traffic_limiter.sv                                       ;
; Computer_System/synthesis/submodules/altera_merlin_width_adapter.sv                                         ;
; Computer_System/synthesis/submodules/altera_reset_controller.sdc                                            ;
; Computer_System/synthesis/submodules/altera_reset_controller.v                                              ;
; Computer_System/synthesis/submodules/altera_reset_synchronizer.v                                            ;
; Computer_System/synthesis/submodules/altera_std_synchronizer_nocut.v                                        ;
; Computer_System/synthesis/submodules/altera_up_avalon_reset_from_locked_signal.v                            ;
; Computer_System/synthesis/submodules/altera_wrap_burst_converter.sv                                         ;
; Computer_System/synthesis/submodules/Computer_System_hps_0.v                                                ;
; Computer_System/synthesis/submodules/Computer_System_hps_0_fpga_interfaces.sv                               ;
; Computer_System/synthesis/submodules/Computer_System_hps_0_hps_io.v                                         ;
; Computer_System/synthesis/submodules/Computer_System_hps_0_hps_io_border.sdc                                ;
; Computer_System/synthesis/submodules/Computer_System_hps_0_hps_io_border.sv                                 ;
; Computer_System/synthesis/submodules/Computer_System_LEDs.v                                                 ;
; Computer_System/synthesis/submodules/Computer_System_master_0.v                                             ;
; Computer_System/synthesis/submodules/Computer_System_master_0_b2p_adapter.sv                                ;
; Computer_System/synthesis/submodules/Computer_System_master_0_p2b_adapter.sv                                ;
; Computer_System/synthesis/submodules/Computer_System_master_0_timing_adt.sv                                 ;
; Computer_System/synthesis/submodules/Computer_System_mm_interconnect_0.v                                    ;
; Computer_System/synthesis/submodules/Computer_System_mm_interconnect_0_avalon_st_adapter.v                  ;
; Computer_System/synthesis/submodules/Computer_System_mm_interconnect_0_avalon_st_adapter_error_adapter_0.sv ;
; Computer_System/synthesis/submodules/Computer_System_mm_interconnect_0_cmd_demux.sv                         ;
; Computer_System/synthesis/submodules/Computer_System_mm_interconnect_0_cmd_mux.sv                           ;
; Computer_System/synthesis/submodules/Computer_System_mm_interconnect_0_router.sv                            ;
; Computer_System/synthesis/submodules/Computer_System_mm_interconnect_0_router_002.sv                        ;
; Computer_System/synthesis/submodules/Computer_System_mm_interconnect_0_rsp_demux.sv                         ;
; Computer_System/synthesis/submodules/Computer_System_mm_interconnect_0_rsp_mux.sv                           ;
; Computer_System/synthesis/submodules/Computer_System_mm_interconnect_1.v                                    ;
; Computer_System/synthesis/submodules/Computer_System_mm_interconnect_1_cmd_demux.sv                         ;
; Computer_System/synthesis/submodules/Computer_System_mm_interconnect_1_cmd_mux.sv                           ;
; Computer_System/synthesis/submodules/Computer_System_mm_interconnect_1_router.sv                            ;
; Computer_System/synthesis/submodules/Computer_System_mm_interconnect_1_router_002.sv                        ;
; Computer_System/synthesis/submodules/Computer_System_mm_interconnect_1_rsp_demux.sv                         ;
; Computer_System/synthesis/submodules/Computer_System_mm_interconnect_1_rsp_mux.sv                           ;
; Computer_System/synthesis/submodules/Computer_System_mm_interconnect_2.v                                    ;
; Computer_System/synthesis/submodules/Computer_System_mm_interconnect_2_cmd_demux.sv                         ;
; Computer_System/synthesis/submodules/Computer_System_mm_interconnect_2_cmd_mux.sv                           ;
; Computer_System/synthesis/submodules/Computer_System_mm_interconnect_2_router.sv                            ;
; Computer_System/synthesis/submodules/Computer_System_mm_interconnect_2_router_001.sv                        ;
; Computer_System/synthesis/submodules/Computer_System_mm_interconnect_2_rsp_demux.sv                         ;
; Computer_System/synthesis/submodules/Computer_System_mm_interconnect_2_rsp_mux.sv                           ;
; Computer_System/synthesis/submodules/Computer_System_onchip_memory2_0.hex                                   ;
; Computer_System/synthesis/submodules/Computer_System_onchip_memory2_0.v                                     ;
; Computer_System/synthesis/submodules/Computer_System_Slider_Switches.v                                      ;
; Computer_System/synthesis/submodules/Computer_System_sys_sdram_pll_0.v                                      ;
; Computer_System/synthesis/submodules/Computer_System_sys_sdram_pll_0_sys_pll.qip                            ;
; Computer_System/synthesis/submodules/Computer_System_sys_sdram_pll_0_sys_pll.v                              ;
; Computer_System/synthesis/submodules/Computer_System_sysid_qsys_0.v                                         ;
; Computer_System/synthesis/submodules/hps.pre.xml                                                            ;
; Computer_System/synthesis/submodules/hps_AC_ROM.hex                                                         ;
; Computer_System/synthesis/submodules/hps_inst_ROM.hex                                                       ;
; Computer_System/synthesis/submodules/hps_sdram.v                                                            ;
; Computer_System/synthesis/submodules/hps_sdram_p0.ppf                                                       ;
; Computer_System/synthesis/submodules/hps_sdram_p0.sdc                                                       ;
; Computer_System/synthesis/submodules/hps_sdram_p0.sv                                                        ;
; Computer_System/synthesis/submodules/hps_sdram_p0_acv_hard_addr_cmd_pads.v                                  ;
; Computer_System/synthesis/submodules/hps_sdram_p0_acv_hard_io_pads.v                                        ;
; Computer_System/synthesis/submodules/hps_sdram_p0_acv_hard_memphy.v                                         ;
; Computer_System/synthesis/submodules/hps_sdram_p0_acv_ldc.v                                                 ;
; Computer_System/synthesis/submodules/hps_sdram_p0_altdqdqs.v                                                ;
; Computer_System/synthesis/submodules/hps_sdram_p0_clock_pair_generator.v                                    ;
; Computer_System/synthesis/submodules/hps_sdram_p0_generic_ddio.v                                            ;
; Computer_System/synthesis/submodules/hps_sdram_p0_iss_probe.v                                               ;
; Computer_System/synthesis/submodules/hps_sdram_p0_parameters.tcl                                            ;
; Computer_System/synthesis/submodules/hps_sdram_p0_phy_csr.sv                                                ;
; Computer_System/synthesis/submodules/hps_sdram_p0_pin_assignments.tcl                                       ;
; Computer_System/synthesis/submodules/hps_sdram_p0_pin_map.tcl                                               ;
; Computer_System/synthesis/submodules/hps_sdram_p0_report_timing.tcl                                         ;
; Computer_System/synthesis/submodules/hps_sdram_p0_report_timing_core.tcl                                    ;
; Computer_System/synthesis/submodules/hps_sdram_p0_reset.v                                                   ;
; Computer_System/synthesis/submodules/hps_sdram_p0_reset_sync.v                                              ;
; Computer_System/synthesis/submodules/hps_sdram_p0_timing.tcl                                                ;
; Computer_System/synthesis/submodules/hps_sdram_pll.sv                                                       ;
; Computer_System/synthesis/submodules/sequencer/alt_types.pre.h                                              ;
; Computer_System/synthesis/submodules/sequencer/emif.pre.xml                                                 ;
; Computer_System/synthesis/submodules/sequencer/sdram_io.pre.h                                               ;
; Computer_System/synthesis/submodules/sequencer/sequencer.pre.c                                              ;
; Computer_System/synthesis/submodules/sequencer/sequencer.pre.h                                              ;
; Computer_System/synthesis/submodules/sequencer/sequencer_auto.pre.h                                         ;
; Computer_System/synthesis/submodules/sequencer/sequencer_auto_ac_init.pre.c                                 ;
; Computer_System/synthesis/submodules/sequencer/sequencer_auto_inst_init.pre.c                               ;
; Computer_System/synthesis/submodules/sequencer/sequencer_defines.pre.h                                      ;
; Computer_System/synthesis/submodules/sequencer/system.pre.h                                                 ;
; Computer_System/synthesis/submodules/sequencer/tclrpt.pre.c                                                 ;
; Computer_System/synthesis/submodules/sequencer/tclrpt.pre.h                                                 ;
; hex7seg.v                                                                                                   ;
; output_files/comp_arm.jdi                                                                                   ;
; output_files/comp_arm.sld                                                                                   ;
; output_files/comp_arm.sof                                                                                   ;
+-------------------------------------------------------------------------------------------------------------+


